Unity Editor version:    2020.3.29f1 (2ff179115da0)
Branch:                  2020.3/staging
Build type:              Release
Batch mode:              YES
macOS version:           Version 10.15.7 (Build 19H1715)
Darwin version:          19.6.0
Architecture:            x86_64
Running under Rosetta:   NO
Available memory:        8192 MB
Using pre-set license
Pro License: NO

COMMAND LINE ARGUMENTS:
/Applications/Unity/Hub/Editor/2020.3.29f1/Unity.app/Contents/MacOS/Unity
-adb2
-batchMode
-noUpm
-name
AssetImportWorker0
-projectPath
/Users/olga/Documents/GitHub/base_C-_in_Unity_Paskal/My_game_3
-logFile
Logs/AssetImportWorker0.log
-srvPort
60852
Successfully changed project path to: /Users/olga/Documents/GitHub/base_C-_in_Unity_Paskal/My_game_3
/Users/olga/Documents/GitHub/base_C-_in_Unity_Paskal/My_game_3
Using Asset Import Pipeline V2.
Refreshing native plugins compatible for Editor in 42.05 ms, found 2 plugins.
Preloading 0 native plugins for Editor in 0.00 ms.
Initialize engine version: 2020.3.29f1 (2ff179115da0)
[Subsystems] Discovering subsystems at path /Applications/Unity/Hub/Editor/2020.3.29f1/Unity.app/Contents/Resources/UnitySubsystems
[Subsystems] Discovering subsystems at path /Users/olga/Documents/GitHub/base_C-_in_Unity_Paskal/My_game_3/Assets
GfxDevice: creating device client; threaded=0
2022-06-20 12:24:53.411 Unity[30101:4798413] Color LCD preferred device: Intel(R) Iris(TM) Plus Graphics 640 (low power)
2022-06-20 12:24:53.411 Unity[30101:4798413] Metal devices available: 1
2022-06-20 12:24:53.411 Unity[30101:4798413] 0: Intel(R) Iris(TM) Plus Graphics 640 (low power)
2022-06-20 12:24:53.412 Unity[30101:4798413] Using device Intel(R) Iris(TM) Plus Graphics 640 (low power)
Initializing Metal device caps: Intel(R) Iris(TM) Plus Graphics 640
Initialize mono
Mono path[0] = '/Applications/Unity/Hub/Editor/2020.3.29f1/Unity.app/Contents/Managed'
Mono path[1] = '/Applications/Unity/Hub/Editor/2020.3.29f1/Unity.app/Contents/MonoBleedingEdge/lib/mono/unityjit'
Mono config path = '/Applications/Unity/Hub/Editor/2020.3.29f1/Unity.app/Contents/MonoBleedingEdge/etc'
Using monoOptions --debugger-agent=transport=dt_socket,embedding=1,server=y,suspend=n,address=127.0.0.1:56101
Begin MonoManager ReloadAssembly
Registering precompiled unity dll's ...
Register platform support module: /Applications/Unity/Hub/Editor/2020.3.29f1/PlaybackEngines/WebGLSupport/UnityEditor.WebGL.Extensions.dll
Register platform support module: /Applications/Unity/Hub/Editor/2020.3.29f1/Unity.app/Contents/PlaybackEngines/MacStandaloneSupport/UnityEditor.OSXStandalone.Extensions.dll
Registered in 0.003256 seconds.
Native extension for OSXStandalone target not found
Native extension for WebGL target not found
Refreshing native plugins compatible for Editor in 33.25 ms, found 2 plugins.
Preloading 0 native plugins for Editor in 0.00 ms.
Mono: successfully reloaded assembly
- Completed reload, in  0.975 seconds
Domain Reload Profiling:
	ReloadAssembly (975ms)
		BeginReloadAssembly (104ms)
			ExecutionOrderSort (0ms)
			DisableScriptedObjects (0ms)
			BackupInstance (0ms)
			ReleaseScriptingObjects (0ms)
			CreateAndSetChildDomain (1ms)
		EndReloadAssembly (763ms)
			LoadAssemblies (105ms)
			RebuildTransferFunctionScriptingTraits (0ms)
			SetupTypeCache (334ms)
			ReleaseScriptCaches (0ms)
			RebuildScriptCaches (55ms)
			SetupLoadedEditorAssemblies (237ms)
				LogAssemblyErrors (0ms)
				InitializePlatformSupportModulesInManaged (7ms)
				SetLoadedEditorAssemblies (0ms)
				RefreshPlugins (33ms)
				BeforeProcessingInitializeOnLoad (30ms)
				ProcessInitializeOnLoadAttributes (130ms)
				ProcessInitializeOnLoadMethodAttributes (36ms)
				AfterProcessingInitializeOnLoad (0ms)
				EditorAssembliesLoaded (0ms)
			ExecutionOrderSort2 (0ms)
			AwakeInstancesAfterBackupRestoration (0ms)
Platform modules already initialized, skipping
Registering precompiled user dll's ...
Registered in 0.004240 seconds.
Begin MonoManager ReloadAssembly
Native extension for OSXStandalone target not found
Native extension for WebGL target not found
Refreshing native plugins compatible for Editor in 0.35 ms, found 2 plugins.
Preloading 0 native plugins for Editor in 0.00 ms.
Mono: successfully reloaded assembly
- Completed reload, in  1.414 seconds
Domain Reload Profiling:
	ReloadAssembly (1415ms)
		BeginReloadAssembly (216ms)
			ExecutionOrderSort (0ms)
			DisableScriptedObjects (7ms)
			BackupInstance (0ms)
			ReleaseScriptingObjects (0ms)
			CreateAndSetChildDomain (43ms)
		EndReloadAssembly (1107ms)
			LoadAssemblies (123ms)
			RebuildTransferFunctionScriptingTraits (0ms)
			SetupTypeCache (394ms)
			ReleaseScriptCaches (0ms)
			RebuildScriptCaches (63ms)
			SetupLoadedEditorAssemblies (399ms)
				LogAssemblyErrors (0ms)
				InitializePlatformSupportModulesInManaged (7ms)
				SetLoadedEditorAssemblies (1ms)
				RefreshPlugins (0ms)
				BeforeProcessingInitializeOnLoad (95ms)
				ProcessInitializeOnLoadAttributes (282ms)
				ProcessInitializeOnLoadMethodAttributes (13ms)
				AfterProcessingInitializeOnLoad (1ms)
				EditorAssembliesLoaded (0ms)
			ExecutionOrderSort2 (0ms)
			AwakeInstancesAfterBackupRestoration (9ms)
Platform modules already initialized, skipping
Validating Project structure ... 0.009487 seconds.
Shader import version has changed; will reimport all shaders...
Upgrading shader files ...0.001573 seconds.
Application.AssetDatabase Initial Script Refresh Start
RefreshInfo: InitialScriptRefreshV2(NoUpdateAssetOptions) scanfilter:  ... 1 filters
RefreshProfiler: Total: 0.000ms
Application.AssetDatabase Initial Script Refresh End
Application.AssetDatabase.Refresh Start
Application.AssetDatabase.Refresh End
RefreshInfo: StopAssetImportingV2(ForceSynchronousImport) scanfilter: 
RefreshProfiler: Total: 0.000ms
Launching external process: /Applications/Unity/Hub/Editor/2020.3.29f1/Unity.app/Contents/Tools/UnityShaderCompiler
Launched and connected shader compiler UnityShaderCompiler after 0.01 seconds
Initializing Unity extensions:
========================================================================
Worker process is ready to serve import requests
Refreshing native plugins compatible for Editor in 0.32 ms, found 2 plugins.
Preloading 0 native plugins for Editor in 0.00 ms.
Unloading 1526 Unused Serialized files (Serialized files now loaded: 0)
System memory in use before: 175.9 MB.
System memory in use after: 175.1 MB.

Unloading 82 unused Assets to reduce memory usage. Loaded Objects now: 2001.
Total: 4.775907 ms (FindLiveObjects: 0.177749 ms CreateObjectMapping: 0.071836 ms MarkObjects: 3.824146 ms  DeleteObjects: 0.700665 ms)

AssetImportParameters requested are different than current active one (requested -> active):
  custom:video-decoder-ogg-theora: a1e56fd34408186e4bbccfd4996cb3dc -> 
  custom:container-muxer-webm: aa71ff27fc2769a1b78a27578f13a17b -> 
  custom:container-demuxer-webm: 4f35f7cbe854078d1ac9338744f61a02 -> 
  custom:container-demuxer-ogg: 62fdf1f143b41e24485cea50d1cbac27 -> 
  custom:video-encoder-webm-vp8: eb34c28f22e8b96e1ab97ce403110664 -> 
  custom:framework-osx-AVFoundation: b23960f63f64bdc6ff669e2cdcee2391 -> 
  custom:video-decoder-webm-vp8: 9c59270c3fd7afecdb556c50c9e8de78 -> 
  custom:audio-decoder-ogg-vorbis: bf7c407c2cedff20999df2af8eb42d56 -> 
  custom:audio-encoder-webm-vorbis: bf7c407c2cedff20999df2af8eb42d56 -> 
========================================================================
Received Import Request.
  path: ProjectSettings/TagManager.asset
  artifactKey: Guid(00000000000000003000000000000000) Importer(815301076,1909f56bfc062723c751e8b465ee728b)
Start importing ProjectSettings/TagManager.asset using Guid(00000000000000003000000000000000) Importer(815301076,1909f56bfc062723c751e8b465ee728b)  -> (artifact id: 'ce6a35c3cddc746e7501c0bd0ed6d4ce') in 0.460514 seconds 
  Import took 0.468112 seconds .

========================================================================
Received Import Request.
  Time since last request: 184.965228 seconds.
  path: Assets/textures
  artifactKey: Guid(a32d69adc533a41a1891c6f1faf4dc40) Importer(815301076,1909f56bfc062723c751e8b465ee728b)
Start importing Assets/textures using Guid(a32d69adc533a41a1891c6f1faf4dc40) Importer(815301076,1909f56bfc062723c751e8b465ee728b)  -> (artifact id: '795a4826ccb35d7306226b959fed6885') in 0.004706 seconds 
  Import took 0.013261 seconds .

========================================================================
Received Import Request.
  Time since last request: 24.027765 seconds.
  path: Assets/textures/New Render Texture.renderTexture
  artifactKey: Guid(18fb7a1e23ba9492c92d2af8a8a476e5) Importer(815301076,1909f56bfc062723c751e8b465ee728b)
Start importing Assets/textures/New Render Texture.renderTexture using Guid(18fb7a1e23ba9492c92d2af8a8a476e5) Importer(815301076,1909f56bfc062723c751e8b465ee728b)  -> (artifact id: '6fdf78e99dd8bf98e426184f2e67d230') in 0.232725 seconds 
  Import took 0.239994 seconds .

========================================================================
Received Import Request.
  Time since last request: 428.641070 seconds.
  path: Assets/textures/New Render Texture.renderTexture
  artifactKey: Guid(18fb7a1e23ba9492c92d2af8a8a476e5) Importer(815301076,1909f56bfc062723c751e8b465ee728b)
Start importing Assets/textures/New Render Texture.renderTexture using Guid(18fb7a1e23ba9492c92d2af8a8a476e5) Importer(815301076,1909f56bfc062723c751e8b465ee728b)  -> (artifact id: '3500fe320ee0ea6bc2937cb3d58ac79b') in 0.013885 seconds 
  Import took 0.018734 seconds .

AssetImportWorkerClient::OnTransportError - code=2 error=End of file
